<?xml version="1.0" encoding="UTF-8"?>
<!-- Generated by org.testng.reporters.JUnitXMLReporter -->
<testsuite ignored="1" hostname="ShahidHood" failures="0" tests="1" name="Default test" time="9.336" errors="0" timestamp="2025-12-26T20:20:38 EST">
  <testcase classname="com.orangehrm.test.HomePageTest" name="verifyHrmLogoDisplay" time="5.096"/>
  <testcase classname="com.orangehrm.test.HomePageTest" name="verifyValidAdminTabTest" time="0.0">
    <ignored/>
  </testcase> <!-- verifyValidAdminTabTest -->
</testsuite> <!-- Default test -->
