<?xml version="1.0" encoding="UTF-8"?>
<testng-results ignored="0" total="1" passed="1" failed="0" skipped="0">
  <reporter-output>
  </reporter-output>
  <suite started-at="2025-12-26T20:20:29 EST" name="Default suite" finished-at="2025-12-26T20:20:38 EST" duration-ms="9336">
    <groups>
    </groups>
    <test started-at="2025-12-26T20:20:29 EST" name="Default test" finished-at="2025-12-26T20:20:38 EST" duration-ms="9336">
      <class name="com.orangehrm.test.HomePageTest">
        <test-method is-config="true" signature="loadConfig()[pri:0, instance:com.orangehrm.test.HomePageTest@363a52f]" started-at="2025-12-26T20:20:29 EST" name="loadConfig" finished-at="2025-12-26T20:20:29 EST" duration-ms="171" status="PASS">
          <reporter-output>
          </reporter-output>
        </test-method> <!-- loadConfig -->
        <test-method is-config="true" signature="setUp()[pri:0, instance:com.orangehrm.test.HomePageTest@363a52f]" started-at="2025-12-26T20:20:29 EST" name="setUp" finished-at="2025-12-26T20:20:33 EST" duration-ms="3976" status="PASS">
          <reporter-output>
          </reporter-output>
        </test-method> <!-- setUp -->
        <test-method is-config="true" signature="setUpPages()[pri:0, instance:com.orangehrm.test.HomePageTest@363a52f]" started-at="2025-12-26T20:20:33 EST" name="setUpPages" finished-at="2025-12-26T20:20:33 EST" duration-ms="2" status="PASS">
          <reporter-output>
          </reporter-output>
        </test-method> <!-- setUpPages -->
        <test-method signature="verifyHrmLogoDisplay()[pri:0, instance:com.orangehrm.test.HomePageTest@363a52f]" started-at="2025-12-26T20:20:33 EST" name="verifyHrmLogoDisplay" finished-at="2025-12-26T20:20:38 EST" duration-ms="5096" status="PASS">
          <reporter-output>
          </reporter-output>
        </test-method> <!-- verifyHrmLogoDisplay -->
        <test-method is-config="true" signature="tearDown()[pri:0, instance:com.orangehrm.test.HomePageTest@363a52f]" started-at="2025-12-26T20:20:38 EST" name="tearDown" finished-at="2025-12-26T20:20:38 EST" duration-ms="233" status="PASS">
          <reporter-output>
          </reporter-output>
        </test-method> <!-- tearDown -->
      </class> <!-- com.orangehrm.test.HomePageTest -->
    </test> <!-- Default test -->
  </suite> <!-- Default suite -->
</testng-results>
