<?xml version="1.0" encoding="UTF-8"?>
<!-- Generated by org.testng.reporters.JUnitXMLReporter -->
<testsuite ignored="1" hostname="ShahidHood" failures="0" tests="3" name="OrangeHrmTestGoogleCHrome" time="18.753" errors="0" timestamp="2025-12-25T15:09:23 EST">
  <testcase classname="com.orangehrm.test.LoginPageTest" name="displayErrorMessage" time="5.466"/>
  <testcase classname="com.orangehrm.test.HomePageTest" name="verifyValidAdminTabTest" time="7.205"/>
  <testcase classname="com.orangehrm.test.HomePageTest" name="verifyHrmLogoDisplay" time="6.459"/>
  <testcase classname="com.orangehrm.base.BaseClass" name="@BeforeSuite loadConfig" time="0.0">
    <ignored/>
  </testcase> <!-- @BeforeSuite loadConfig -->
</testsuite> <!-- OrangeHrmTestGoogleCHrome -->
