<?xml version="1.0" encoding="UTF-8"?>
<!-- Generated by org.testng.reporters.JUnitXMLReporter -->
<testsuite ignored="1" hostname="ShahidHood" failures="0" tests="3" name="OrangeHrmTest" time="21.996" errors="0" timestamp="2025-12-30T21:06:39 EST">
  <testcase classname="com.orangehrm.test.LoginPageTest" name="displayErrorMessage" time="3.079"/>
  <testcase classname="com.orangehrm.test.LoginPageTest" name="verifyInvalidLoginTest" time="0.96"/>
  <testcase classname="com.orangehrm.test.HomePageTest" name="verifyValidAdminTabTest" time="4.213"/>
  <testcase classname="com.orangehrm.base.BaseClass" name="@BeforeSuite loadConfig" time="0.0">
    <ignored/>
  </testcase> <!-- @BeforeSuite loadConfig -->
</testsuite> <!-- OrangeHrmTest -->
