<?xml version="1.0" encoding="UTF-8"?>
<!-- Generated by org.testng.reporters.JUnitXMLReporter -->
<testsuite ignored="0" hostname="ShahidHood" failures="0" tests="3" name="Regression Suite" time="7.297" errors="0" timestamp="2025-12-30T21:04:26 EST">
  <testcase classname="com.orangehrm.base.BaseClass" name="@BeforeMethod setUp" time="2.353">
    <failure type="java.lang.NullPointerException">
      <![CDATA[java.lang.NullPointerException
at com.orangehrm.base.BaseClass.launchBrowser(BaseClass.java:231)
at com.orangehrm.base.BaseClass.setUp(BaseClass.java:145)
at java.base/java.util.ArrayList.forEach(ArrayList.java:1541)
at java.base/java.util.concurrent.FutureTask.run(FutureTask.java:264)
at java.base/java.util.concurrent.ThreadPoolExecutor.runWorker(ThreadPoolExecutor.java:1128)
at java.base/java.util.concurrent.ThreadPoolExecutor$Worker.run(ThreadPoolExecutor.java:628)
at java.base/java.lang.Thread.run(Thread.java:829)
... Removed 21 stack frames]]>
    </failure>
  </testcase> <!-- @BeforeMethod setUp -->
  <testcase classname="com.orangehrm.test.HomePageTest" name="@BeforeMethod setUpPages" time="0.0">
    <skipped/>
  </testcase> <!-- @BeforeMethod setUpPages -->
  <testcase classname="com.orangehrm.base.BaseClass" name="@BeforeMethod setUp" time="1.219">
    <failure type="java.lang.NullPointerException">
      <![CDATA[java.lang.NullPointerException
at com.orangehrm.base.BaseClass.launchBrowser(BaseClass.java:231)
at com.orangehrm.base.BaseClass.setUp(BaseClass.java:145)
at java.base/java.util.ArrayList.forEach(ArrayList.java:1541)
at java.base/java.util.concurrent.FutureTask.run(FutureTask.java:264)
at java.base/java.util.concurrent.ThreadPoolExecutor.runWorker(ThreadPoolExecutor.java:1128)
at java.base/java.util.concurrent.ThreadPoolExecutor$Worker.run(ThreadPoolExecutor.java:628)
at java.base/java.lang.Thread.run(Thread.java:829)
... Removed 21 stack frames]]>
    </failure>
  </testcase> <!-- @BeforeMethod setUp -->
  <testcase classname="com.orangehrm.test.LoginPageTest" name="@BeforeMethod setUpPages" time="0.0">
    <skipped/>
  </testcase> <!-- @BeforeMethod setUpPages -->
  <testcase classname="com.orangehrm.base.BaseClass" name="@BeforeMethod setUp" time="1.142">
    <failure type="java.lang.NullPointerException">
      <![CDATA[java.lang.NullPointerException
at com.orangehrm.base.BaseClass.launchBrowser(BaseClass.java:231)
at com.orangehrm.base.BaseClass.setUp(BaseClass.java:145)
at java.base/java.util.ArrayList.forEach(ArrayList.java:1541)
at java.base/java.util.concurrent.FutureTask.run(FutureTask.java:264)
at java.base/java.util.concurrent.ThreadPoolExecutor.runWorker(ThreadPoolExecutor.java:1128)
at java.base/java.util.concurrent.ThreadPoolExecutor$Worker.run(ThreadPoolExecutor.java:628)
at java.base/java.lang.Thread.run(Thread.java:829)
... Removed 21 stack frames]]>
    </failure>
  </testcase> <!-- @BeforeMethod setUp -->
  <testcase classname="com.orangehrm.test.LoginPageTest" name="@BeforeMethod setUpPages" time="0.0">
    <skipped/>
  </testcase> <!-- @BeforeMethod setUpPages -->
  <testcase classname="com.orangehrm.test.HomePageTest" name="verifyValidAdminTabTest" time="0.0">
    <skipped/>
  </testcase> <!-- verifyValidAdminTabTest -->
  <testcase classname="com.orangehrm.test.LoginPageTest" name="displayErrorMessage" time="0.0">
    <skipped/>
  </testcase> <!-- displayErrorMessage -->
  <testcase classname="com.orangehrm.test.LoginPageTest" name="verifyInvalidLoginTest" time="0.0">
    <skipped/>
  </testcase> <!-- verifyInvalidLoginTest -->
</testsuite> <!-- Regression Suite -->
