<?xml version="1.0" encoding="UTF-8"?>
<testng-results ignored="0" total="1" passed="1" failed="0" skipped="0">
  <reporter-output>
  </reporter-output>
  <suite started-at="2026-03-16T16:33:36 EDT" name="Default suite" finished-at="2026-03-16T16:34:00 EDT" duration-ms="24408">
    <groups>
    </groups>
    <test started-at="2026-03-16T16:33:36 EDT" name="Default test" finished-at="2026-03-16T16:34:00 EDT" duration-ms="24408">
      <class name="com.orangehrm.test.HomePageTest">
        <test-method is-config="true" signature="loadConfig()[pri:0, instance:com.orangehrm.test.HomePageTest@2bd2b28e]" started-at="2026-03-16T16:33:35 EDT" name="loadConfig" finished-at="2026-03-16T16:33:36 EDT" duration-ms="497" status="PASS">
          <reporter-output>
          </reporter-output>
        </test-method> <!-- loadConfig -->
        <test-method is-config="true" signature="setUp(java.lang.String)[pri:0, instance:com.orangehrm.test.HomePageTest@2bd2b28e]" started-at="2026-03-16T16:33:36 EDT" name="setUp" finished-at="2026-03-16T16:33:41 EDT" duration-ms="4881" status="PASS">
          <params>
            <param index="0">
              <value>
                <![CDATA[chrome]]>
              </value>
            </param>
          </params>
          <reporter-output>
          </reporter-output>
        </test-method> <!-- setUp -->
        <test-method is-config="true" signature="setUpPages()[pri:0, instance:com.orangehrm.test.HomePageTest@2bd2b28e]" started-at="2026-03-16T16:33:41 EDT" name="setUpPages" finished-at="2026-03-16T16:33:41 EDT" duration-ms="1" status="PASS">
          <reporter-output>
          </reporter-output>
        </test-method> <!-- setUpPages -->
        <test-method signature="verifyValidAdminTabTest()[pri:0, instance:com.orangehrm.test.HomePageTest@2bd2b28e]" started-at="2026-03-16T16:33:41 EDT" name="verifyValidAdminTabTest" finished-at="2026-03-16T16:34:00 EDT" duration-ms="18879" status="PASS">
          <reporter-output>
          </reporter-output>
        </test-method> <!-- verifyValidAdminTabTest -->
        <test-method is-config="true" signature="tearDown()[pri:0, instance:com.orangehrm.test.HomePageTest@2bd2b28e]" started-at="2026-03-16T16:34:00 EDT" name="tearDown" finished-at="2026-03-16T16:34:00 EDT" duration-ms="559" status="PASS">
          <reporter-output>
          </reporter-output>
        </test-method> <!-- tearDown -->
      </class> <!-- com.orangehrm.test.HomePageTest -->
    </test> <!-- Default test -->
  </suite> <!-- Default suite -->
</testng-results>
