<?xml version="1.0" encoding="UTF-8"?>
<!-- Generated by org.testng.reporters.JUnitReportReporter -->
<testsuite hostname="ShahidHood" failures="0" tests="2" name="com.orangehrm.test.LoginPageTest" time="13.435" errors="0" timestamp="2025-12-30T21:06:39 EST" skipped="0">
  <testcase classname="com.orangehrm.test.LoginPageTest" name="verifyInvalidLoginTest" time="5.400"/>
  <testcase classname="com.orangehrm.test.LoginPageTest" name="displayErrorMessage" time="8.035"/>
</testsuite> <!-- com.orangehrm.test.LoginPageTest -->
