<?xml version="1.0" encoding="UTF-8"?>
<!-- Generated by org.testng.reporters.JUnitReportReporter -->
<testsuite hostname="ShahidHood" failures="0" tests="2" name="com.orangehrm.test.LoginPageTest" time="17.447" errors="0" timestamp="2026-03-16T16:29:45 EDT" skipped="0">
  <testcase classname="com.orangehrm.test.LoginPageTest" name="verifyInvalidLoginTest" time="6.059"/>
  <testcase classname="com.orangehrm.test.LoginPageTest" name="displayErrorMessage" time="11.388"/>
</testsuite> <!-- com.orangehrm.test.LoginPageTest -->
