<?xml version="1.0" encoding="UTF-8"?>
<!-- Generated by org.testng.reporters.JUnitXMLReporter -->
<testsuite ignored="1" hostname="ShahidHood" failures="0" tests="3" name="OrangeHrmTest" time="16.256" errors="0" timestamp="2025-10-13T17:19:29 EDT">
  <testcase classname="com.orangehrm.test.LoginPageTest" name="displayErrorMessage" time="2.881"/>
  <testcase classname="com.orangehrm.test.HomePageTest" name="verifyHrmLogoDisplay" time="3.852"/>
  <testcase classname="com.orangehrm.test.HomePageTest" name="verifyValidAdminTabTest" time="4.22"/>
  <testcase classname="com.orangehrm.base.BaseClass" name="@BeforeSuite loadConfig" time="0.0">
    <ignored/>
  </testcase> <!-- @BeforeSuite loadConfig -->
</testsuite> <!-- OrangeHrmTest -->
